Elapsed 1309 ms
Reading Binary
Parsing fight data
ArcDPS Build EVTC20210205
ArcDPS Combat Item Revision 1
Fight Instance 22000
Parsing agent data
Agent Count 244
Parsing skill data
Skill Count 623
Parsing combat list
Combat Event Count 276301
Linking agents to combat list
Preparing data for log generation
Data parsed
Creating GW2EI Combat Events
Creating EI Combat Data
Combining SkillInfo with SkillData
Creating Cast Events
Creating Buff Events
Creating Damage Events
Creating Custom Buff Events
Creating Custom Damage Events
Creating Custom Cast Events
Creating Custom Status Events
Attaching Banners to Warriors
Attaching Turrets to Engineers
Attaching Ranger Gadgets to Rangers
Attaching Racial Gadgets to Players
Creating GW2EI Log Meta Data
PoV Kraxon Lineprank
GW2 Build 111532
Language English
Log Start 2021-02-15 19:23:23 +01:00
Log End 2021-02-15 19:30:09 +01:00
Checking Success
Checking CM
Creating Buff Container
Unknown Formula for Bowl of Sweet and Spicy Butternut Squash Soup: Unknown 77:  +10Unknown
Unknown Formula for Bowl of Fruit Salad with Mint Garnish: Unknown 88:  +10Unknown
Unknown Formula for Bowl of Fruit Salad with Mint Garnish: Unknown 101:  +5Unknown
Unknown Formula for Bowl of Fruit Salad with Mint Garnish: Unknown 93:  +20Unknown
Unknown Formula for Bowl of Fruit Salad with Mint Garnish: Unknown 78:  +20Unknown
Unknown Formula for Bowl of Fruit Salad with Mint Garnish: Unknown 113:  +10Unknown
Unknown Formula for Bowl of Spiced Fruit Salad: Unknown 88:  +10Unknown
Unknown Formula for Bowl of Spiced Fruit Salad: Unknown 101:  +5Unknown
Unknown Formula for Bowl of Spiced Fruit Salad: Unknown 93:  +20Unknown
Unknown Formula for Bowl of Spiced Fruit Salad: Unknown 78:  +20Unknown
Unknown Formula for Bowl of Spiced Fruit Salad: Unknown 113:  +10Unknown
Unknown Formula for Cilantro Lime Sous-Vide Steak: Unknown 88:  +10Unknown
Unknown Formula for Cilantro Lime Sous-Vide Steak: Unknown 101:  +5Unknown
Unknown Formula for Cilantro Lime Sous-Vide Steak: Unknown 93:  +20Unknown
Unknown Formula for Cilantro Lime Sous-Vide Steak: Unknown 78:  +20Unknown
Unknown Formula for Cilantro Lime Sous-Vide Steak: Unknown 113:  +10Unknown
Unknown Formula for Cilantro and Cured Meat Flatbread: Unknown 88:  +10Unknown
Unknown Formula for Cilantro and Cured Meat Flatbread: Unknown 101:  +5Unknown
Unknown Formula for Cilantro and Cured Meat Flatbread: Unknown 93:  +20Unknown
Unknown Formula for Cilantro and Cured Meat Flatbread: Unknown 78:  +20Unknown
Unknown Formula for Cilantro and Cured Meat Flatbread: Unknown 113:  +10Unknown
Unknown Formula for Superior Sharpening Stone: Unknown 77:  +10Unknown
Unknown Formula for Master Tuning Crystal: Unknown 77:  +10Unknown
Unknown Formula for Tin of Fruitcake: Unknown 77:  +10Unknown
Unknown Formula for Tin of Fruitcake: Unknown 88:  +10Unknown
Unknown Formula for Bountiful Maintenance Oil: Unknown 71:  +0.006Unknown
Unknown Formula for Bountiful Maintenance Oil: Unknown 71:  +0.008Unknown
Unknown Formula for Bountiful Maintenance Oil: Unknown 77:  +10Unknown
Unknown Formula for Tuning Icicle: Unknown 77:  +10Unknown
Unknown Formula for Tuning Icicle: Unknown 88:  +10Unknown
Unknown Formula for Toxic Focusing Crystal: Unknown 77:  +10Unknown
Unknown Formula for Magma Drop: Unknown 82:  +200Unknown
Unknown Formula for Blood Reckoning: Unknown 34:  +33Unknown
Unknown Formula for Blood Reckoning: Unknown 35:  +33Unknown
Unknown Formula for Eternal Oasis: Unknown 67:  +33Unknown
Creating Damage Modifier Container
Creating Mechanic Data
Creating General Statistics Container
Creating File(s)
Multi threading
Creating HTML
HTML: replacing global variables
HTML: building CSS
HTML: building JS
HTML: building Combat Replay JS
HTML: building Log Data
HTML: building Players
HTML: building Enemies
Initializing Actor dictionary
HTML: building Targets
HTML: building Skill/Buff dictionaries
HTML: building Phases
HTML: building Meta Data
HTML: building Graph Data
HTML created
Completed parsing for killed prlqadim
